2015-12-04 18:27:50   [restartedMain] INFO  p.j.s.SpringSecurityBasicApplication - Starting SpringSecurityBasicApplication on przodownik-r1 with PID 18698 (/home/przodownik/blog/securityBasicCamp/bin started by przodownik in /home/przodownik/blog/securityBasicCamp) 
2015-12-04 18:27:50   [restartedMain] INFO  p.j.s.SpringSecurityBasicApplication - No profiles are active 
2015-12-04 18:32:34   [restartedMain] INFO  p.j.s.SpringSecurityBasicApplication - Starting SpringSecurityBasicApplication on przodownik-r1 with PID 18698 (/home/przodownik/blog/securityBasicCamp/bin started by przodownik in /home/przodownik/blog/securityBasicCamp) 
2015-12-04 18:32:34   [restartedMain] INFO  p.j.s.SpringSecurityBasicApplication - No profiles are active 
2015-12-04 18:32:58   [restartedMain] INFO  p.j.s.SpringSecurityBasicApplication - Starting SpringSecurityBasicApplication on przodownik-r1 with PID 18698 (/home/przodownik/blog/securityBasicCamp/bin started by przodownik in /home/przodownik/blog/securityBasicCamp) 
2015-12-04 18:32:58   [restartedMain] INFO  p.j.s.SpringSecurityBasicApplication - No profiles are active 
2015-12-04 18:44:35   [restartedMain] INFO  p.j.s.SpringSecurityBasicApplication - Starting SpringSecurityBasicApplication on przodownik-r1 with PID 14662 (/home/przodownik/blog/securityBasicCamp/bin started by przodownik in /home/przodownik/blog/securityBasicCamp) 
2015-12-04 18:44:35   [restartedMain] INFO  p.j.s.SpringSecurityBasicApplication - No profiles are active 
2015-12-04 18:49:53   [restartedMain] INFO  p.j.s.SpringSecurityBasicApplication - Starting SpringSecurityBasicApplication on przodownik-r1 with PID 14894 (/home/przodownik/blog/securityBasicCamp/bin started by przodownik in /home/przodownik/blog/securityBasicCamp) 
2015-12-04 18:49:53   [restartedMain] INFO  p.j.s.SpringSecurityBasicApplication - No profiles are active 
2015-12-04 19:04:53   [restartedMain] INFO  p.j.s.SpringSecurityBasicApplication - Starting SpringSecurityBasicApplication on przodownik-r1 with PID 15511 (/home/przodownik/blog/securityBasicCamp/bin started by przodownik in /home/przodownik/blog/securityBasicCamp) 
2015-12-04 19:04:53   [restartedMain] INFO  p.j.s.SpringSecurityBasicApplication - No profiles are active 
2015-12-04 19:05:03   [restartedMain] INFO  p.j.s.SpringSecurityBasicApplication - +++  loaded : Item(name=item0, price=0, enable=true) 
2015-12-04 19:05:03   [restartedMain] INFO  p.j.s.SpringSecurityBasicApplication - +++  loaded : Item(name=item1, price=0, enable=false) 
2015-12-04 19:05:03   [restartedMain] INFO  p.j.s.SpringSecurityBasicApplication - +++  loaded : Item(name=item2, price=12, enable=true) 
2015-12-04 19:05:03   [restartedMain] INFO  p.j.s.SpringSecurityBasicApplication - +++  loaded : Item(name=item3, price=12, enable=false) 
2015-12-04 19:05:03   [restartedMain] INFO  p.j.s.SpringSecurityBasicApplication - +++  loaded : Item(name=item4, price=20, enable=false) 
2015-12-04 19:05:03   [restartedMain] INFO  p.j.s.SpringSecurityBasicApplication - +++  loaded : Item(name=item5, price=20, enable=true) 
2015-12-04 19:05:03   [restartedMain] INFO  p.j.s.SpringSecurityBasicApplication - +++  loaded : Item(name=item6, price=36, enable=false) 
2015-12-04 19:05:03   [restartedMain] INFO  p.j.s.SpringSecurityBasicApplication - +++  loaded : Item(name=item7, price=21, enable=true) 
2015-12-04 19:05:03   [restartedMain] INFO  p.j.s.SpringSecurityBasicApplication - +++  loaded : Item(name=item8, price=8, enable=false) 
2015-12-04 19:05:03   [restartedMain] INFO  p.j.s.SpringSecurityBasicApplication - +++  loaded : Item(name=item9, price=9, enable=true) 
2015-12-04 19:05:03   [restartedMain] INFO  p.j.s.SpringSecurityBasicApplication - +++  loaded : Item(name=item10, price=0, enable=false) 
2015-12-04 19:05:03   [restartedMain] INFO  p.j.s.SpringSecurityBasicApplication - +++  loaded : Item(name=item11, price=22, enable=false) 
2015-12-04 19:05:03   [restartedMain] INFO  p.j.s.SpringSecurityBasicApplication - +++  loaded : Item(name=item12, price=108, enable=true) 
2015-12-04 19:05:03   [restartedMain] INFO  p.j.s.SpringSecurityBasicApplication - +++  loaded : Item(name=item13, price=39, enable=false) 
2015-12-04 19:05:03   [restartedMain] INFO  p.j.s.SpringSecurityBasicApplication - +++  loaded : Item(name=item14, price=56, enable=false) 
2015-12-04 19:05:03   [restartedMain] INFO  p.j.s.SpringSecurityBasicApplication - +++  loaded : Item(name=item15, price=0, enable=false) 
2015-12-04 19:05:03   [restartedMain] INFO  p.j.s.SpringSecurityBasicApplication - +++  loaded : Item(name=item16, price=32, enable=false) 
2015-12-04 19:05:03   [restartedMain] INFO  p.j.s.SpringSecurityBasicApplication - +++  loaded : Item(name=item17, price=119, enable=false) 
2015-12-04 19:05:03   [restartedMain] INFO  p.j.s.SpringSecurityBasicApplication - +++  loaded : Item(name=item18, price=0, enable=false) 
2015-12-04 19:05:03   [restartedMain] INFO  p.j.s.SpringSecurityBasicApplication - +++  loaded : Item(name=item19, price=152, enable=true) 
2015-12-04 19:05:03   [restartedMain] INFO  p.j.s.SpringSecurityBasicApplication - Started SpringSecurityBasicApplication in 9.978 seconds (JVM running for 10.534) 
2015-12-04 19:07:23   [restartedMain] INFO  p.j.s.SpringSecurityBasicApplication - Starting SpringSecurityBasicApplication on przodownik-r1 with PID 15511 (/home/przodownik/blog/securityBasicCamp/bin started by przodownik in /home/przodownik/blog/securityBasicCamp) 
2015-12-04 19:07:24   [restartedMain] INFO  p.j.s.SpringSecurityBasicApplication - No profiles are active 
2015-12-04 19:07:26   [restartedMain] INFO  p.j.s.SpringSecurityBasicApplication - +++  loaded : Item(name=item0, price=0, enable=true) 
2015-12-04 19:07:26   [restartedMain] INFO  p.j.s.SpringSecurityBasicApplication - +++  loaded : Item(name=item1, price=7, enable=true) 
2015-12-04 19:07:26   [restartedMain] INFO  p.j.s.SpringSecurityBasicApplication - +++  loaded : Item(name=item2, price=4, enable=true) 
2015-12-04 19:07:26   [restartedMain] INFO  p.j.s.SpringSecurityBasicApplication - +++  loaded : Item(name=item3, price=6, enable=false) 
2015-12-04 19:07:26   [restartedMain] INFO  p.j.s.SpringSecurityBasicApplication - +++  loaded : Item(name=item4, price=24, enable=false) 
2015-12-04 19:07:26   [restartedMain] INFO  p.j.s.SpringSecurityBasicApplication - +++  loaded : Item(name=item5, price=5, enable=false) 
2015-12-04 19:07:26   [restartedMain] INFO  p.j.s.SpringSecurityBasicApplication - +++  loaded : Item(name=item6, price=18, enable=false) 
2015-12-04 19:07:26   [restartedMain] INFO  p.j.s.SpringSecurityBasicApplication - +++  loaded : Item(name=item7, price=56, enable=true) 
2015-12-04 19:07:26   [restartedMain] INFO  p.j.s.SpringSecurityBasicApplication - +++  loaded : Item(name=item8, price=64, enable=false) 
2015-12-04 19:07:26   [restartedMain] INFO  p.j.s.SpringSecurityBasicApplication - +++  loaded : Item(name=item9, price=36, enable=false) 
2015-12-04 19:07:26   [restartedMain] INFO  p.j.s.SpringSecurityBasicApplication - +++  loaded : Item(name=item10, price=10, enable=true) 
2015-12-04 19:07:26   [restartedMain] INFO  p.j.s.SpringSecurityBasicApplication - +++  loaded : Item(name=item11, price=77, enable=false) 
2015-12-04 19:07:26   [restartedMain] INFO  p.j.s.SpringSecurityBasicApplication - +++  loaded : Item(name=item12, price=60, enable=false) 
2015-12-04 19:07:26   [restartedMain] INFO  p.j.s.SpringSecurityBasicApplication - +++  loaded : Item(name=item13, price=39, enable=false) 
2015-12-04 19:07:26   [restartedMain] INFO  p.j.s.SpringSecurityBasicApplication - +++  loaded : Item(name=item14, price=14, enable=true) 
2015-12-04 19:07:26   [restartedMain] INFO  p.j.s.SpringSecurityBasicApplication - +++  loaded : Item(name=item15, price=45, enable=false) 
2015-12-04 19:07:26   [restartedMain] INFO  p.j.s.SpringSecurityBasicApplication - +++  loaded : Item(name=item16, price=0, enable=false) 
2015-12-04 19:07:26   [restartedMain] INFO  p.j.s.SpringSecurityBasicApplication - +++  loaded : Item(name=item17, price=0, enable=true) 
2015-12-04 19:07:26   [restartedMain] INFO  p.j.s.SpringSecurityBasicApplication - +++  loaded : Item(name=item18, price=72, enable=false) 
2015-12-04 19:07:26   [restartedMain] INFO  p.j.s.SpringSecurityBasicApplication - +++  loaded : Item(name=item19, price=152, enable=true) 
2015-12-04 19:07:26   [restartedMain] INFO  p.j.s.SpringSecurityBasicApplication - Started SpringSecurityBasicApplication in 2.304 seconds (JVM running for 153.719) 
2015-12-04 19:08:18   [restartedMain] INFO  p.j.s.SpringSecurityBasicApplication - Starting SpringSecurityBasicApplication on przodownik-r1 with PID 15685 (/home/przodownik/blog/securityBasicCamp/bin started by przodownik in /home/przodownik/blog/securityBasicCamp) 
2015-12-04 19:08:18   [restartedMain] INFO  p.j.s.SpringSecurityBasicApplication - No profiles are active 
2015-12-04 19:08:26   [restartedMain] INFO  p.j.s.SpringSecurityBasicApplication - +++  loaded : Item(name=item0, price=0, enable=true) 
2015-12-04 19:08:26   [restartedMain] INFO  p.j.s.SpringSecurityBasicApplication - +++  loaded : Item(name=item1, price=3, enable=false) 
2015-12-04 19:08:26   [restartedMain] INFO  p.j.s.SpringSecurityBasicApplication - +++  loaded : Item(name=item2, price=12, enable=false) 
2015-12-04 19:08:26   [restartedMain] INFO  p.j.s.SpringSecurityBasicApplication - +++  loaded : Item(name=item3, price=0, enable=false) 
2015-12-04 19:08:26   [restartedMain] INFO  p.j.s.SpringSecurityBasicApplication - +++  loaded : Item(name=item4, price=36, enable=true) 
2015-12-04 19:08:26   [restartedMain] INFO  p.j.s.SpringSecurityBasicApplication - +++  loaded : Item(name=item5, price=10, enable=true) 
2015-12-04 19:08:26   [restartedMain] INFO  p.j.s.SpringSecurityBasicApplication - +++  loaded : Item(name=item6, price=12, enable=true) 
2015-12-04 19:08:26   [restartedMain] INFO  p.j.s.SpringSecurityBasicApplication - +++  loaded : Item(name=item7, price=28, enable=true) 
2015-12-04 19:08:26   [restartedMain] INFO  p.j.s.SpringSecurityBasicApplication - +++  loaded : Item(name=item8, price=8, enable=true) 
2015-12-04 19:08:26   [restartedMain] INFO  p.j.s.SpringSecurityBasicApplication - +++  loaded : Item(name=item9, price=72, enable=false) 
2015-12-04 19:08:26   [restartedMain] INFO  p.j.s.SpringSecurityBasicApplication - +++  loaded : Item(name=item10, price=30, enable=true) 
2015-12-04 19:08:26   [restartedMain] INFO  p.j.s.SpringSecurityBasicApplication - +++  loaded : Item(name=item11, price=66, enable=false) 
2015-12-04 19:08:26   [restartedMain] INFO  p.j.s.SpringSecurityBasicApplication - +++  loaded : Item(name=item12, price=84, enable=true) 
2015-12-04 19:08:26   [restartedMain] INFO  p.j.s.SpringSecurityBasicApplication - +++  loaded : Item(name=item13, price=78, enable=false) 
2015-12-04 19:08:26   [restartedMain] INFO  p.j.s.SpringSecurityBasicApplication - +++  loaded : Item(name=item14, price=14, enable=false) 
2015-12-04 19:08:26   [restartedMain] INFO  p.j.s.SpringSecurityBasicApplication - +++  loaded : Item(name=item15, price=120, enable=false) 
2015-12-04 19:08:26   [restartedMain] INFO  p.j.s.SpringSecurityBasicApplication - +++  loaded : Item(name=item16, price=96, enable=true) 
2015-12-04 19:08:26   [restartedMain] INFO  p.j.s.SpringSecurityBasicApplication - +++  loaded : Item(name=item17, price=0, enable=true) 
2015-12-04 19:08:26   [restartedMain] INFO  p.j.s.SpringSecurityBasicApplication - +++  loaded : Item(name=item18, price=162, enable=false) 
2015-12-04 19:08:26   [restartedMain] INFO  p.j.s.SpringSecurityBasicApplication - +++  loaded : Item(name=item19, price=114, enable=false) 
2015-12-04 19:08:26   [restartedMain] INFO  p.j.s.SpringSecurityBasicApplication - Started SpringSecurityBasicApplication in 8.275 seconds (JVM running for 8.777) 
2015-12-04 19:08:39   [restartedMain] INFO  p.j.s.SpringSecurityBasicApplication - Starting SpringSecurityBasicApplication on przodownik-r1 with PID 15685 (/home/przodownik/blog/securityBasicCamp/bin started by przodownik in /home/przodownik/blog/securityBasicCamp) 
2015-12-04 19:08:39   [restartedMain] INFO  p.j.s.SpringSecurityBasicApplication - No profiles are active 
2015-12-04 19:08:41   [restartedMain] INFO  p.j.s.SpringSecurityBasicApplication - +++  loaded : Item(name=item0, price=0, enable=false) 
2015-12-04 19:08:41   [restartedMain] INFO  p.j.s.SpringSecurityBasicApplication - +++  loaded : Item(name=item1, price=2, enable=true) 
2015-12-04 19:08:41   [restartedMain] INFO  p.j.s.SpringSecurityBasicApplication - +++  loaded : Item(name=item2, price=12, enable=true) 
2015-12-04 19:08:41   [restartedMain] INFO  p.j.s.SpringSecurityBasicApplication - +++  loaded : Item(name=item3, price=12, enable=true) 
2015-12-04 19:08:41   [restartedMain] INFO  p.j.s.SpringSecurityBasicApplication - +++  loaded : Item(name=item4, price=36, enable=false) 
2015-12-04 19:08:41   [restartedMain] INFO  p.j.s.SpringSecurityBasicApplication - +++  loaded : Item(name=item5, price=20, enable=true) 
2015-12-04 19:08:41   [restartedMain] INFO  p.j.s.SpringSecurityBasicApplication - +++  loaded : Item(name=item6, price=24, enable=false) 
2015-12-04 19:08:41   [restartedMain] INFO  p.j.s.SpringSecurityBasicApplication - +++  loaded : Item(name=item7, price=42, enable=false) 
2015-12-04 19:08:41   [restartedMain] INFO  p.j.s.SpringSecurityBasicApplication - +++  loaded : Item(name=item8, price=56, enable=true) 
2015-12-04 19:08:41   [restartedMain] INFO  p.j.s.SpringSecurityBasicApplication - +++  loaded : Item(name=item9, price=81, enable=false) 
2015-12-04 19:08:41   [restartedMain] INFO  p.j.s.SpringSecurityBasicApplication - +++  loaded : Item(name=item10, price=40, enable=false) 
2015-12-04 19:08:41   [restartedMain] INFO  p.j.s.SpringSecurityBasicApplication - +++  loaded : Item(name=item11, price=33, enable=false) 
2015-12-04 19:08:41   [restartedMain] INFO  p.j.s.SpringSecurityBasicApplication - +++  loaded : Item(name=item12, price=96, enable=true) 
2015-12-04 19:08:41   [restartedMain] INFO  p.j.s.SpringSecurityBasicApplication - +++  loaded : Item(name=item13, price=52, enable=false) 
2015-12-04 19:08:41   [restartedMain] INFO  p.j.s.SpringSecurityBasicApplication - +++  loaded : Item(name=item14, price=56, enable=true) 
2015-12-04 19:08:41   [restartedMain] INFO  p.j.s.SpringSecurityBasicApplication - +++  loaded : Item(name=item15, price=75, enable=false) 
2015-12-04 19:08:41   [restartedMain] INFO  p.j.s.SpringSecurityBasicApplication - +++  loaded : Item(name=item16, price=64, enable=true) 
2015-12-04 19:08:41   [restartedMain] INFO  p.j.s.SpringSecurityBasicApplication - +++  loaded : Item(name=item17, price=136, enable=false) 
2015-12-04 19:08:41   [restartedMain] INFO  p.j.s.SpringSecurityBasicApplication - +++  loaded : Item(name=item18, price=18, enable=true) 
2015-12-04 19:08:41   [restartedMain] INFO  p.j.s.SpringSecurityBasicApplication - +++  loaded : Item(name=item19, price=95, enable=true) 
2015-12-04 19:08:41   [restartedMain] INFO  p.j.s.SpringSecurityBasicApplication - Started SpringSecurityBasicApplication in 2.404 seconds (JVM running for 24.129) 
2015-12-04 19:09:23   [restartedMain] INFO  p.j.s.SpringSecurityBasicApplication - Starting SpringSecurityBasicApplication on przodownik-r1 with PID 15685 (/home/przodownik/blog/securityBasicCamp/bin started by przodownik in /home/przodownik/blog/securityBasicCamp) 
2015-12-04 19:09:23   [restartedMain] INFO  p.j.s.SpringSecurityBasicApplication - No profiles are active 
2015-12-04 19:09:25   [restartedMain] INFO  p.j.s.SpringSecurityBasicApplication - +++  loaded : Item(name=item0, price=0, enable=false) 
2015-12-04 19:09:25   [restartedMain] INFO  p.j.s.SpringSecurityBasicApplication - +++  loaded : Item(name=item1, price=7, enable=false) 
2015-12-04 19:09:25   [restartedMain] INFO  p.j.s.SpringSecurityBasicApplication - +++  loaded : Item(name=item2, price=14, enable=false) 
2015-12-04 19:09:25   [restartedMain] INFO  p.j.s.SpringSecurityBasicApplication - +++  loaded : Item(name=item3, price=9, enable=false) 
2015-12-04 19:09:25   [restartedMain] INFO  p.j.s.SpringSecurityBasicApplication - +++  loaded : Item(name=item4, price=0, enable=false) 
2015-12-04 19:09:25   [restartedMain] INFO  p.j.s.SpringSecurityBasicApplication - +++  loaded : Item(name=item5, price=0, enable=false) 
2015-12-04 19:09:25   [restartedMain] INFO  p.j.s.SpringSecurityBasicApplication - +++  loaded : Item(name=item6, price=0, enable=true) 
2015-12-04 19:09:25   [restartedMain] INFO  p.j.s.SpringSecurityBasicApplication - +++  loaded : Item(name=item7, price=42, enable=true) 
2015-12-04 19:09:25   [restartedMain] INFO  p.j.s.SpringSecurityBasicApplication - +++  loaded : Item(name=item8, price=24, enable=false) 
2015-12-04 19:09:25   [restartedMain] INFO  p.j.s.SpringSecurityBasicApplication - +++  loaded : Item(name=item9, price=0, enable=true) 
2015-12-04 19:09:25   [restartedMain] INFO  p.j.s.SpringSecurityBasicApplication - +++  loaded : Item(name=item10, price=60, enable=true) 
2015-12-04 19:09:25   [restartedMain] INFO  p.j.s.SpringSecurityBasicApplication - +++  loaded : Item(name=item11, price=0, enable=true) 
2015-12-04 19:09:25   [restartedMain] INFO  p.j.s.SpringSecurityBasicApplication - +++  loaded : Item(name=item12, price=108, enable=false) 
2015-12-04 19:09:25   [restartedMain] INFO  p.j.s.SpringSecurityBasicApplication - +++  loaded : Item(name=item13, price=52, enable=false) 
2015-12-04 19:09:25   [restartedMain] INFO  p.j.s.SpringSecurityBasicApplication - +++  loaded : Item(name=item14, price=84, enable=true) 
2015-12-04 19:09:25   [restartedMain] INFO  p.j.s.SpringSecurityBasicApplication - +++  loaded : Item(name=item15, price=135, enable=true) 
2015-12-04 19:09:25   [restartedMain] INFO  p.j.s.SpringSecurityBasicApplication - +++  loaded : Item(name=item16, price=96, enable=true) 
2015-12-04 19:09:25   [restartedMain] INFO  p.j.s.SpringSecurityBasicApplication - +++  loaded : Item(name=item17, price=85, enable=false) 
2015-12-04 19:09:25   [restartedMain] INFO  p.j.s.SpringSecurityBasicApplication - +++  loaded : Item(name=item18, price=162, enable=false) 
2015-12-04 19:09:25   [restartedMain] INFO  p.j.s.SpringSecurityBasicApplication - +++  loaded : Item(name=item19, price=0, enable=false) 
2015-12-04 19:09:25   [restartedMain] INFO  p.j.s.SpringSecurityBasicApplication - Started SpringSecurityBasicApplication in 1.877 seconds (JVM running for 67.922) 
2015-12-04 19:10:46   [restartedMain] INFO  p.j.s.SpringSecurityBasicApplication - Starting SpringSecurityBasicApplication on przodownik-r1 with PID 15867 (/home/przodownik/blog/securityBasicCamp/bin started by przodownik in /home/przodownik/blog/securityBasicCamp) 
2015-12-04 19:10:46   [restartedMain] INFO  p.j.s.SpringSecurityBasicApplication - No profiles are active 
2015-12-04 19:10:53   [restartedMain] INFO  p.j.s.SpringSecurityBasicApplication - +++  loaded : Item(name=item0, price=0, enable=true) 
2015-12-04 19:10:53   [restartedMain] INFO  p.j.s.SpringSecurityBasicApplication - +++  loaded : Item(name=item1, price=1, enable=false) 
2015-12-04 19:10:53   [restartedMain] INFO  p.j.s.SpringSecurityBasicApplication - +++  loaded : Item(name=item2, price=18, enable=true) 
2015-12-04 19:10:53   [restartedMain] INFO  p.j.s.SpringSecurityBasicApplication - +++  loaded : Item(name=item3, price=21, enable=false) 
2015-12-04 19:10:53   [restartedMain] INFO  p.j.s.SpringSecurityBasicApplication - +++  loaded : Item(name=item4, price=24, enable=false) 
2015-12-04 19:10:53   [restartedMain] INFO  p.j.s.SpringSecurityBasicApplication - +++  loaded : Item(name=item5, price=30, enable=false) 
2015-12-04 19:10:53   [restartedMain] INFO  p.j.s.SpringSecurityBasicApplication - +++  loaded : Item(name=item6, price=30, enable=true) 
2015-12-04 19:10:53   [restartedMain] INFO  p.j.s.SpringSecurityBasicApplication - +++  loaded : Item(name=item7, price=28, enable=true) 
2015-12-04 19:10:53   [restartedMain] INFO  p.j.s.SpringSecurityBasicApplication - +++  loaded : Item(name=item8, price=32, enable=false) 
2015-12-04 19:10:53   [restartedMain] INFO  p.j.s.SpringSecurityBasicApplication - +++  loaded : Item(name=item9, price=63, enable=true) 
2015-12-04 19:10:53   [restartedMain] INFO  p.j.s.SpringSecurityBasicApplication - +++  loaded : Item(name=item10, price=20, enable=false) 
2015-12-04 19:10:53   [restartedMain] INFO  p.j.s.SpringSecurityBasicApplication - +++  loaded : Item(name=item11, price=33, enable=true) 
2015-12-04 19:10:53   [restartedMain] INFO  p.j.s.SpringSecurityBasicApplication - +++  loaded : Item(name=item12, price=96, enable=false) 
2015-12-04 19:10:53   [restartedMain] INFO  p.j.s.SpringSecurityBasicApplication - +++  loaded : Item(name=item13, price=117, enable=false) 
2015-12-04 19:10:53   [restartedMain] INFO  p.j.s.SpringSecurityBasicApplication - +++  loaded : Item(name=item14, price=70, enable=true) 
2015-12-04 19:10:53   [restartedMain] INFO  p.j.s.SpringSecurityBasicApplication - +++  loaded : Item(name=item15, price=60, enable=true) 
2015-12-04 19:10:53   [restartedMain] INFO  p.j.s.SpringSecurityBasicApplication - +++  loaded : Item(name=item16, price=112, enable=true) 
2015-12-04 19:10:53   [restartedMain] INFO  p.j.s.SpringSecurityBasicApplication - +++  loaded : Item(name=item17, price=0, enable=false) 
2015-12-04 19:10:53   [restartedMain] INFO  p.j.s.SpringSecurityBasicApplication - +++  loaded : Item(name=item18, price=162, enable=true) 
2015-12-04 19:10:53   [restartedMain] INFO  p.j.s.SpringSecurityBasicApplication - +++  loaded : Item(name=item19, price=114, enable=true) 
2015-12-04 19:10:53   [restartedMain] INFO  p.j.s.SpringSecurityBasicApplication - Started SpringSecurityBasicApplication in 7.433 seconds (JVM running for 7.866) 
2015-12-04 23:30:56   [restartedMain] INFO  p.j.s.SpringSecurityBasicApplication - Starting SpringSecurityBasicApplication on przodownik-r1 with PID 18148 (/home/przodownik/blog/securityBasicCamp/bin started by przodownik in /home/przodownik/blog/securityBasicCamp) 
2015-12-04 23:30:56   [restartedMain] INFO  p.j.s.SpringSecurityBasicApplication - No profiles are active 
2015-12-04 23:31:03   [restartedMain] INFO  p.j.s.SpringSecurityBasicApplication - +++  loaded : Item(name=item0, price=0, enable=true) 
2015-12-04 23:31:03   [restartedMain] INFO  p.j.s.SpringSecurityBasicApplication - +++  loaded : Item(name=item1, price=4, enable=false) 
2015-12-04 23:31:03   [restartedMain] INFO  p.j.s.SpringSecurityBasicApplication - +++  loaded : Item(name=item2, price=8, enable=true) 
2015-12-04 23:31:03   [restartedMain] INFO  p.j.s.SpringSecurityBasicApplication - +++  loaded : Item(name=item3, price=21, enable=true) 
2015-12-04 23:31:03   [restartedMain] INFO  p.j.s.SpringSecurityBasicApplication - +++  loaded : Item(name=item4, price=16, enable=true) 
2015-12-04 23:31:03   [restartedMain] INFO  p.j.s.SpringSecurityBasicApplication - +++  loaded : Item(name=item5, price=0, enable=true) 
2015-12-04 23:31:03   [restartedMain] INFO  p.j.s.SpringSecurityBasicApplication - +++  loaded : Item(name=item6, price=18, enable=false) 
2015-12-04 23:31:03   [restartedMain] INFO  p.j.s.SpringSecurityBasicApplication - +++  loaded : Item(name=item7, price=63, enable=true) 
2015-12-04 23:31:03   [restartedMain] INFO  p.j.s.SpringSecurityBasicApplication - +++  loaded : Item(name=item8, price=64, enable=false) 
2015-12-04 23:31:03   [restartedMain] INFO  p.j.s.SpringSecurityBasicApplication - +++  loaded : Item(name=item9, price=18, enable=true) 
2015-12-04 23:31:03   [restartedMain] INFO  p.j.s.SpringSecurityBasicApplication - +++  loaded : Item(name=item10, price=90, enable=false) 
2015-12-04 23:31:03   [restartedMain] INFO  p.j.s.SpringSecurityBasicApplication - +++  loaded : Item(name=item11, price=66, enable=true) 
2015-12-04 23:31:03   [restartedMain] INFO  p.j.s.SpringSecurityBasicApplication - +++  loaded : Item(name=item12, price=36, enable=false) 
2015-12-04 23:31:03   [restartedMain] INFO  p.j.s.SpringSecurityBasicApplication - +++  loaded : Item(name=item13, price=104, enable=false) 
2015-12-04 23:31:03   [restartedMain] INFO  p.j.s.SpringSecurityBasicApplication - +++  loaded : Item(name=item14, price=0, enable=false) 
2015-12-04 23:31:03   [restartedMain] INFO  p.j.s.SpringSecurityBasicApplication - +++  loaded : Item(name=item15, price=90, enable=true) 
2015-12-04 23:31:03   [restartedMain] INFO  p.j.s.SpringSecurityBasicApplication - +++  loaded : Item(name=item16, price=48, enable=true) 
2015-12-04 23:31:03   [restartedMain] INFO  p.j.s.SpringSecurityBasicApplication - +++  loaded : Item(name=item17, price=153, enable=false) 
2015-12-04 23:31:03   [restartedMain] INFO  p.j.s.SpringSecurityBasicApplication - +++  loaded : Item(name=item18, price=162, enable=false) 
2015-12-04 23:31:03   [restartedMain] INFO  p.j.s.SpringSecurityBasicApplication - +++  loaded : Item(name=item19, price=95, enable=false) 
2015-12-04 23:31:03   [restartedMain] INFO  p.j.s.SpringSecurityBasicApplication - Started SpringSecurityBasicApplication in 7.987 seconds (JVM running for 8.427) 
2015-12-04 23:32:32   [restartedMain] INFO  p.j.s.SpringSecurityBasicApplication - Starting SpringSecurityBasicApplication on przodownik-r1 with PID 18254 (/home/przodownik/blog/securityBasicCamp/bin started by przodownik in /home/przodownik/blog/securityBasicCamp) 
2015-12-04 23:32:32   [restartedMain] INFO  p.j.s.SpringSecurityBasicApplication - No profiles are active 
2015-12-04 23:32:39   [restartedMain] INFO  p.j.s.SpringSecurityBasicApplication - +++  loaded : Item(name=item0, price=0, enable=false) 
2015-12-04 23:32:39   [restartedMain] INFO  p.j.s.SpringSecurityBasicApplication - +++  loaded : Item(name=item1, price=2, enable=true) 
2015-12-04 23:32:39   [restartedMain] INFO  p.j.s.SpringSecurityBasicApplication - +++  loaded : Item(name=item2, price=12, enable=true) 
2015-12-04 23:32:39   [restartedMain] INFO  p.j.s.SpringSecurityBasicApplication - +++  loaded : Item(name=item3, price=9, enable=true) 
2015-12-04 23:32:39   [restartedMain] INFO  p.j.s.SpringSecurityBasicApplication - +++  loaded : Item(name=item4, price=4, enable=false) 
2015-12-04 23:32:39   [restartedMain] INFO  p.j.s.SpringSecurityBasicApplication - +++  loaded : Item(name=item5, price=20, enable=true) 
2015-12-04 23:32:39   [restartedMain] INFO  p.j.s.SpringSecurityBasicApplication - +++  loaded : Item(name=item6, price=0, enable=true) 
2015-12-04 23:32:39   [restartedMain] INFO  p.j.s.SpringSecurityBasicApplication - +++  loaded : Item(name=item7, price=21, enable=true) 
2015-12-04 23:32:39   [restartedMain] INFO  p.j.s.SpringSecurityBasicApplication - +++  loaded : Item(name=item8, price=0, enable=true) 
2015-12-04 23:32:39   [restartedMain] INFO  p.j.s.SpringSecurityBasicApplication - +++  loaded : Item(name=item9, price=9, enable=true) 
2015-12-04 23:32:39   [restartedMain] INFO  p.j.s.SpringSecurityBasicApplication - +++  loaded : Item(name=item10, price=80, enable=true) 
2015-12-04 23:32:39   [restartedMain] INFO  p.j.s.SpringSecurityBasicApplication - +++  loaded : Item(name=item11, price=44, enable=false) 
2015-12-04 23:32:39   [restartedMain] INFO  p.j.s.SpringSecurityBasicApplication - +++  loaded : Item(name=item12, price=24, enable=true) 
2015-12-04 23:32:39   [restartedMain] INFO  p.j.s.SpringSecurityBasicApplication - +++  loaded : Item(name=item13, price=104, enable=true) 
2015-12-04 23:32:39   [restartedMain] INFO  p.j.s.SpringSecurityBasicApplication - +++  loaded : Item(name=item14, price=42, enable=true) 
2015-12-04 23:32:39   [restartedMain] INFO  p.j.s.SpringSecurityBasicApplication - +++  loaded : Item(name=item15, price=45, enable=false) 
2015-12-04 23:32:39   [restartedMain] INFO  p.j.s.SpringSecurityBasicApplication - +++  loaded : Item(name=item16, price=64, enable=true) 
2015-12-04 23:32:39   [restartedMain] INFO  p.j.s.SpringSecurityBasicApplication - +++  loaded : Item(name=item17, price=136, enable=true) 
2015-12-04 23:32:39   [restartedMain] INFO  p.j.s.SpringSecurityBasicApplication - +++  loaded : Item(name=item18, price=144, enable=true) 
2015-12-04 23:32:39   [restartedMain] INFO  p.j.s.SpringSecurityBasicApplication - +++  loaded : Item(name=item19, price=57, enable=false) 
2015-12-04 23:32:39   [restartedMain] INFO  p.j.s.SpringSecurityBasicApplication - Started SpringSecurityBasicApplication in 7.45 seconds (JVM running for 7.837) 
2015-12-04 23:39:42   [restartedMain] INFO  p.j.s.SpringSecurityBasicApplication - Starting SpringSecurityBasicApplication on przodownik-r1 with PID 18254 (/home/przodownik/blog/securityBasicCamp/bin started by przodownik in /home/przodownik/blog/securityBasicCamp) 
2015-12-04 23:39:42   [restartedMain] INFO  p.j.s.SpringSecurityBasicApplication - No profiles are active 
2015-12-04 23:39:44   [restartedMain] INFO  p.j.s.SpringSecurityBasicApplication - +++  loaded : Item(name=item0, price=0, enable=false) 
2015-12-04 23:39:44   [restartedMain] INFO  p.j.s.SpringSecurityBasicApplication - +++  loaded : Item(name=item1, price=1, enable=true) 
2015-12-04 23:39:44   [restartedMain] INFO  p.j.s.SpringSecurityBasicApplication - +++  loaded : Item(name=item2, price=4, enable=true) 
2015-12-04 23:39:44   [restartedMain] INFO  p.j.s.SpringSecurityBasicApplication - +++  loaded : Item(name=item3, price=21, enable=false) 
2015-12-04 23:39:44   [restartedMain] INFO  p.j.s.SpringSecurityBasicApplication - +++  loaded : Item(name=item4, price=16, enable=true) 
2015-12-04 23:39:44   [restartedMain] INFO  p.j.s.SpringSecurityBasicApplication - +++  loaded : Item(name=item5, price=15, enable=false) 
2015-12-04 23:39:44   [restartedMain] INFO  p.j.s.SpringSecurityBasicApplication - +++  loaded : Item(name=item6, price=6, enable=false) 
2015-12-04 23:39:44   [restartedMain] INFO  p.j.s.SpringSecurityBasicApplication - +++  loaded : Item(name=item7, price=28, enable=true) 
2015-12-04 23:39:44   [restartedMain] INFO  p.j.s.SpringSecurityBasicApplication - +++  loaded : Item(name=item8, price=56, enable=true) 
2015-12-04 23:39:44   [restartedMain] INFO  p.j.s.SpringSecurityBasicApplication - +++  loaded : Item(name=item9, price=63, enable=false) 
2015-12-04 23:39:44   [restartedMain] INFO  p.j.s.SpringSecurityBasicApplication - +++  loaded : Item(name=item10, price=20, enable=false) 
2015-12-04 23:39:44   [restartedMain] INFO  p.j.s.SpringSecurityBasicApplication - +++  loaded : Item(name=item11, price=99, enable=false) 
2015-12-04 23:39:45   [restartedMain] INFO  p.j.s.SpringSecurityBasicApplication - +++  loaded : Item(name=item12, price=36, enable=false) 
2015-12-04 23:39:45   [restartedMain] INFO  p.j.s.SpringSecurityBasicApplication - +++  loaded : Item(name=item13, price=13, enable=true) 
2015-12-04 23:39:45   [restartedMain] INFO  p.j.s.SpringSecurityBasicApplication - +++  loaded : Item(name=item14, price=84, enable=false) 
2015-12-04 23:39:45   [restartedMain] INFO  p.j.s.SpringSecurityBasicApplication - +++  loaded : Item(name=item15, price=30, enable=false) 
2015-12-04 23:39:45   [restartedMain] INFO  p.j.s.SpringSecurityBasicApplication - +++  loaded : Item(name=item16, price=128, enable=true) 
2015-12-04 23:39:45   [restartedMain] INFO  p.j.s.SpringSecurityBasicApplication - +++  loaded : Item(name=item17, price=153, enable=false) 
2015-12-04 23:39:45   [restartedMain] INFO  p.j.s.SpringSecurityBasicApplication - +++  loaded : Item(name=item18, price=126, enable=true) 
2015-12-04 23:39:45   [restartedMain] INFO  p.j.s.SpringSecurityBasicApplication - +++  loaded : Item(name=item19, price=38, enable=false) 
2015-12-04 23:39:45   [restartedMain] INFO  p.j.s.SpringSecurityBasicApplication - Started SpringSecurityBasicApplication in 2.16 seconds (JVM running for 433.127) 
2015-12-04 23:40:02   [restartedMain] INFO  p.j.s.SpringSecurityBasicApplication - Starting SpringSecurityBasicApplication on przodownik-r1 with PID 18254 (/home/przodownik/blog/securityBasicCamp/bin started by przodownik in /home/przodownik/blog/securityBasicCamp) 
2015-12-04 23:40:02   [restartedMain] INFO  p.j.s.SpringSecurityBasicApplication - No profiles are active 
2015-12-04 23:40:04   [restartedMain] INFO  p.j.s.SpringSecurityBasicApplication - +++  loaded : Item(name=item0, price=0, enable=true) 
2015-12-04 23:40:04   [restartedMain] INFO  p.j.s.SpringSecurityBasicApplication - +++  loaded : Item(name=item1, price=4, enable=true) 
2015-12-04 23:40:04   [restartedMain] INFO  p.j.s.SpringSecurityBasicApplication - +++  loaded : Item(name=item2, price=2, enable=false) 
2015-12-04 23:40:04   [restartedMain] INFO  p.j.s.SpringSecurityBasicApplication - +++  loaded : Item(name=item3, price=6, enable=true) 
2015-12-04 23:40:04   [restartedMain] INFO  p.j.s.SpringSecurityBasicApplication - +++  loaded : Item(name=item4, price=16, enable=true) 
2015-12-04 23:40:04   [restartedMain] INFO  p.j.s.SpringSecurityBasicApplication - +++  loaded : Item(name=item5, price=10, enable=false) 
2015-12-04 23:40:04   [restartedMain] INFO  p.j.s.SpringSecurityBasicApplication - +++  loaded : Item(name=item6, price=30, enable=true) 
2015-12-04 23:40:04   [restartedMain] INFO  p.j.s.SpringSecurityBasicApplication - +++  loaded : Item(name=item7, price=0, enable=false) 
2015-12-04 23:40:04   [restartedMain] INFO  p.j.s.SpringSecurityBasicApplication - +++  loaded : Item(name=item8, price=16, enable=true) 
2015-12-04 23:40:04   [restartedMain] INFO  p.j.s.SpringSecurityBasicApplication - +++  loaded : Item(name=item9, price=27, enable=true) 
2015-12-04 23:40:04   [restartedMain] INFO  p.j.s.SpringSecurityBasicApplication - +++  loaded : Item(name=item10, price=90, enable=false) 
2015-12-04 23:40:04   [restartedMain] INFO  p.j.s.SpringSecurityBasicApplication - +++  loaded : Item(name=item11, price=44, enable=false) 
2015-12-04 23:40:04   [restartedMain] INFO  p.j.s.SpringSecurityBasicApplication - +++  loaded : Item(name=item12, price=12, enable=false) 
2015-12-04 23:40:04   [restartedMain] INFO  p.j.s.SpringSecurityBasicApplication - +++  loaded : Item(name=item13, price=26, enable=true) 
2015-12-04 23:40:04   [restartedMain] INFO  p.j.s.SpringSecurityBasicApplication - +++  loaded : Item(name=item14, price=42, enable=true) 
2015-12-04 23:40:04   [restartedMain] INFO  p.j.s.SpringSecurityBasicApplication - +++  loaded : Item(name=item15, price=120, enable=false) 
2015-12-04 23:40:04   [restartedMain] INFO  p.j.s.SpringSecurityBasicApplication - +++  loaded : Item(name=item16, price=96, enable=true) 
2015-12-04 23:40:04   [restartedMain] INFO  p.j.s.SpringSecurityBasicApplication - +++  loaded : Item(name=item17, price=119, enable=true) 
2015-12-04 23:40:04   [restartedMain] INFO  p.j.s.SpringSecurityBasicApplication - +++  loaded : Item(name=item18, price=0, enable=false) 
2015-12-04 23:40:04   [restartedMain] INFO  p.j.s.SpringSecurityBasicApplication - +++  loaded : Item(name=item19, price=95, enable=true) 
2015-12-04 23:40:04   [restartedMain] INFO  p.j.s.SpringSecurityBasicApplication - Started SpringSecurityBasicApplication in 2.103 seconds (JVM running for 452.424) 
2015-12-04 23:40:55   [restartedMain] INFO  p.j.s.SpringSecurityBasicApplication - Starting SpringSecurityBasicApplication on przodownik-r1 with PID 18254 (/home/przodownik/blog/securityBasicCamp/bin started by przodownik in /home/przodownik/blog/securityBasicCamp) 
2015-12-04 23:40:55   [restartedMain] INFO  p.j.s.SpringSecurityBasicApplication - No profiles are active 
2015-12-04 23:40:56   [restartedMain] INFO  p.j.s.SpringSecurityBasicApplication - +++  loaded : Item(name=item0, price=0, enable=true) 
2015-12-04 23:40:56   [restartedMain] INFO  p.j.s.SpringSecurityBasicApplication - +++  loaded : Item(name=item1, price=7, enable=false) 
2015-12-04 23:40:56   [restartedMain] INFO  p.j.s.SpringSecurityBasicApplication - +++  loaded : Item(name=item2, price=10, enable=false) 
2015-12-04 23:40:56   [restartedMain] INFO  p.j.s.SpringSecurityBasicApplication - +++  loaded : Item(name=item3, price=3, enable=false) 
2015-12-04 23:40:56   [restartedMain] INFO  p.j.s.SpringSecurityBasicApplication - +++  loaded : Item(name=item4, price=20, enable=true) 
2015-12-04 23:40:56   [restartedMain] INFO  p.j.s.SpringSecurityBasicApplication - +++  loaded : Item(name=item5, price=30, enable=false) 
2015-12-04 23:40:56   [restartedMain] INFO  p.j.s.SpringSecurityBasicApplication - +++  loaded : Item(name=item6, price=0, enable=true) 
2015-12-04 23:40:56   [restartedMain] INFO  p.j.s.SpringSecurityBasicApplication - +++  loaded : Item(name=item7, price=14, enable=false) 
2015-12-04 23:40:56   [restartedMain] INFO  p.j.s.SpringSecurityBasicApplication - +++  loaded : Item(name=item8, price=72, enable=true) 
2015-12-04 23:40:56   [restartedMain] INFO  p.j.s.SpringSecurityBasicApplication - +++  loaded : Item(name=item9, price=9, enable=false) 
2015-12-04 23:40:56   [restartedMain] INFO  p.j.s.SpringSecurityBasicApplication - +++  loaded : Item(name=item10, price=20, enable=true) 
2015-12-04 23:40:56   [restartedMain] INFO  p.j.s.SpringSecurityBasicApplication - +++  loaded : Item(name=item11, price=0, enable=true) 
2015-12-04 23:40:56   [restartedMain] INFO  p.j.s.SpringSecurityBasicApplication - +++  loaded : Item(name=item12, price=72, enable=false) 
2015-12-04 23:40:56   [restartedMain] INFO  p.j.s.SpringSecurityBasicApplication - +++  loaded : Item(name=item13, price=39, enable=false) 
2015-12-04 23:40:56   [restartedMain] INFO  p.j.s.SpringSecurityBasicApplication - +++  loaded : Item(name=item14, price=42, enable=false) 
2015-12-04 23:40:56   [restartedMain] INFO  p.j.s.SpringSecurityBasicApplication - +++  loaded : Item(name=item15, price=30, enable=true) 
2015-12-04 23:40:56   [restartedMain] INFO  p.j.s.SpringSecurityBasicApplication - +++  loaded : Item(name=item16, price=32, enable=true) 
2015-12-04 23:40:56   [restartedMain] INFO  p.j.s.SpringSecurityBasicApplication - +++  loaded : Item(name=item17, price=0, enable=true) 
2015-12-04 23:40:56   [restartedMain] INFO  p.j.s.SpringSecurityBasicApplication - +++  loaded : Item(name=item18, price=18, enable=false) 
2015-12-04 23:40:56   [restartedMain] INFO  p.j.s.SpringSecurityBasicApplication - +++  loaded : Item(name=item19, price=152, enable=false) 
2015-12-04 23:40:56   [restartedMain] INFO  p.j.s.SpringSecurityBasicApplication - Started SpringSecurityBasicApplication in 1.554 seconds (JVM running for 504.939) 
2015-12-04 23:41:27   [restartedMain] INFO  p.j.s.SpringSecurityBasicApplication - Starting SpringSecurityBasicApplication on przodownik-r1 with PID 18254 (/home/przodownik/blog/securityBasicCamp/bin started by przodownik in /home/przodownik/blog/securityBasicCamp) 
2015-12-04 23:41:27   [restartedMain] INFO  p.j.s.SpringSecurityBasicApplication - No profiles are active 
2015-12-04 23:41:28   [restartedMain] INFO  p.j.s.SpringSecurityBasicApplication - +++  loaded : Item(name=item0, price=0, enable=true) 
2015-12-04 23:41:28   [restartedMain] INFO  p.j.s.SpringSecurityBasicApplication - +++  loaded : Item(name=item1, price=5, enable=true) 
2015-12-04 23:41:28   [restartedMain] INFO  p.j.s.SpringSecurityBasicApplication - +++  loaded : Item(name=item2, price=14, enable=true) 
2015-12-04 23:41:28   [restartedMain] INFO  p.j.s.SpringSecurityBasicApplication - +++  loaded : Item(name=item3, price=15, enable=false) 
2015-12-04 23:41:28   [restartedMain] INFO  p.j.s.SpringSecurityBasicApplication - +++  loaded : Item(name=item4, price=12, enable=false) 
2015-12-04 23:41:28   [restartedMain] INFO  p.j.s.SpringSecurityBasicApplication - +++  loaded : Item(name=item5, price=45, enable=false) 
2015-12-04 23:41:28   [restartedMain] INFO  p.j.s.SpringSecurityBasicApplication - +++  loaded : Item(name=item6, price=0, enable=true) 
2015-12-04 23:41:28   [restartedMain] INFO  p.j.s.SpringSecurityBasicApplication - +++  loaded : Item(name=item7, price=14, enable=false) 
2015-12-04 23:41:28   [restartedMain] INFO  p.j.s.SpringSecurityBasicApplication - +++  loaded : Item(name=item8, price=72, enable=false) 
2015-12-04 23:41:28   [restartedMain] INFO  p.j.s.SpringSecurityBasicApplication - +++  loaded : Item(name=item9, price=36, enable=true) 
2015-12-04 23:41:28   [restartedMain] INFO  p.j.s.SpringSecurityBasicApplication - +++  loaded : Item(name=item10, price=80, enable=false) 
2015-12-04 23:41:28   [restartedMain] INFO  p.j.s.SpringSecurityBasicApplication - +++  loaded : Item(name=item11, price=99, enable=true) 
2015-12-04 23:41:28   [restartedMain] INFO  p.j.s.SpringSecurityBasicApplication - +++  loaded : Item(name=item12, price=96, enable=false) 
2015-12-04 23:41:28   [restartedMain] INFO  p.j.s.SpringSecurityBasicApplication - +++  loaded : Item(name=item13, price=13, enable=false) 
2015-12-04 23:41:28   [restartedMain] INFO  p.j.s.SpringSecurityBasicApplication - +++  loaded : Item(name=item14, price=42, enable=true) 
2015-12-04 23:41:28   [restartedMain] INFO  p.j.s.SpringSecurityBasicApplication - +++  loaded : Item(name=item15, price=120, enable=true) 
2015-12-04 23:41:28   [restartedMain] INFO  p.j.s.SpringSecurityBasicApplication - +++  loaded : Item(name=item16, price=0, enable=true) 
2015-12-04 23:41:28   [restartedMain] INFO  p.j.s.SpringSecurityBasicApplication - +++  loaded : Item(name=item17, price=34, enable=false) 
2015-12-04 23:41:28   [restartedMain] INFO  p.j.s.SpringSecurityBasicApplication - +++  loaded : Item(name=item18, price=0, enable=true) 
2015-12-04 23:41:28   [restartedMain] INFO  p.j.s.SpringSecurityBasicApplication - +++  loaded : Item(name=item19, price=57, enable=true) 
2015-12-04 23:41:28   [restartedMain] INFO  p.j.s.SpringSecurityBasicApplication - Started SpringSecurityBasicApplication in 1.618 seconds (JVM running for 536.714) 
2015-12-04 23:42:31   [restartedMain] INFO  p.j.s.SpringSecurityBasicApplication - Starting SpringSecurityBasicApplication on przodownik-r1 with PID 18254 (/home/przodownik/blog/securityBasicCamp/bin started by przodownik in /home/przodownik/blog/securityBasicCamp) 
2015-12-04 23:42:31   [restartedMain] INFO  p.j.s.SpringSecurityBasicApplication - No profiles are active 
2015-12-04 23:42:32   [restartedMain] INFO  p.j.s.SpringSecurityBasicApplication - +++  loaded : Item(name=item0, price=0, enable=false) 
2015-12-04 23:42:32   [restartedMain] INFO  p.j.s.SpringSecurityBasicApplication - +++  loaded : Item(name=item1, price=0, enable=false) 
2015-12-04 23:42:32   [restartedMain] INFO  p.j.s.SpringSecurityBasicApplication - +++  loaded : Item(name=item2, price=12, enable=false) 
2015-12-04 23:42:32   [restartedMain] INFO  p.j.s.SpringSecurityBasicApplication - +++  loaded : Item(name=item3, price=24, enable=true) 
2015-12-04 23:42:32   [restartedMain] INFO  p.j.s.SpringSecurityBasicApplication - +++  loaded : Item(name=item4, price=4, enable=false) 
2015-12-04 23:42:32   [restartedMain] INFO  p.j.s.SpringSecurityBasicApplication - +++  loaded : Item(name=item5, price=20, enable=true) 
2015-12-04 23:42:32   [restartedMain] INFO  p.j.s.SpringSecurityBasicApplication - +++  loaded : Item(name=item6, price=24, enable=false) 
2015-12-04 23:42:32   [restartedMain] INFO  p.j.s.SpringSecurityBasicApplication - +++  loaded : Item(name=item7, price=14, enable=true) 
2015-12-04 23:42:32   [restartedMain] INFO  p.j.s.SpringSecurityBasicApplication - +++  loaded : Item(name=item8, price=56, enable=true) 
2015-12-04 23:42:32   [restartedMain] INFO  p.j.s.SpringSecurityBasicApplication - +++  loaded : Item(name=item9, price=54, enable=false) 
2015-12-04 23:42:32   [restartedMain] INFO  p.j.s.SpringSecurityBasicApplication - +++  loaded : Item(name=item10, price=40, enable=false) 
2015-12-04 23:42:32   [restartedMain] INFO  p.j.s.SpringSecurityBasicApplication - +++  loaded : Item(name=item11, price=55, enable=false) 
2015-12-04 23:42:32   [restartedMain] INFO  p.j.s.SpringSecurityBasicApplication - +++  loaded : Item(name=item12, price=24, enable=true) 
2015-12-04 23:42:32   [restartedMain] INFO  p.j.s.SpringSecurityBasicApplication - +++  loaded : Item(name=item13, price=117, enable=true) 
2015-12-04 23:42:32   [restartedMain] INFO  p.j.s.SpringSecurityBasicApplication - +++  loaded : Item(name=item14, price=56, enable=false) 
2015-12-04 23:42:32   [restartedMain] INFO  p.j.s.SpringSecurityBasicApplication - +++  loaded : Item(name=item15, price=105, enable=false) 
2015-12-04 23:42:32   [restartedMain] INFO  p.j.s.SpringSecurityBasicApplication - +++  loaded : Item(name=item16, price=128, enable=true) 
2015-12-04 23:42:32   [restartedMain] INFO  p.j.s.SpringSecurityBasicApplication - +++  loaded : Item(name=item17, price=136, enable=false) 
2015-12-04 23:42:32   [restartedMain] INFO  p.j.s.SpringSecurityBasicApplication - +++  loaded : Item(name=item18, price=0, enable=true) 
2015-12-04 23:42:32   [restartedMain] INFO  p.j.s.SpringSecurityBasicApplication - +++  loaded : Item(name=item19, price=76, enable=true) 
2015-12-04 23:42:32   [restartedMain] INFO  p.j.s.SpringSecurityBasicApplication - Started SpringSecurityBasicApplication in 1.323 seconds (JVM running for 601.027) 
2015-12-04 23:43:44   [restartedMain] INFO  p.j.s.SpringSecurityBasicApplication - Starting SpringSecurityBasicApplication on przodownik-r1 with PID 18254 (/home/przodownik/blog/securityBasicCamp/bin started by przodownik in /home/przodownik/blog/securityBasicCamp) 
2015-12-04 23:43:44   [restartedMain] INFO  p.j.s.SpringSecurityBasicApplication - No profiles are active 
2015-12-04 23:43:45   [restartedMain] INFO  p.j.s.SpringSecurityBasicApplication - +++  loaded : Item(name=item0, price=0, enable=false) 
2015-12-04 23:43:45   [restartedMain] INFO  p.j.s.SpringSecurityBasicApplication - +++  loaded : Item(name=item1, price=2, enable=true) 
2015-12-04 23:43:45   [restartedMain] INFO  p.j.s.SpringSecurityBasicApplication - +++  loaded : Item(name=item2, price=4, enable=true) 
2015-12-04 23:43:45   [restartedMain] INFO  p.j.s.SpringSecurityBasicApplication - +++  loaded : Item(name=item3, price=3, enable=true) 
2015-12-04 23:43:45   [restartedMain] INFO  p.j.s.SpringSecurityBasicApplication - +++  loaded : Item(name=item4, price=36, enable=true) 
2015-12-04 23:43:45   [restartedMain] INFO  p.j.s.SpringSecurityBasicApplication - +++  loaded : Item(name=item5, price=0, enable=false) 
2015-12-04 23:43:45   [restartedMain] INFO  p.j.s.SpringSecurityBasicApplication - +++  loaded : Item(name=item6, price=24, enable=true) 
2015-12-04 23:43:45   [restartedMain] INFO  p.j.s.SpringSecurityBasicApplication - +++  loaded : Item(name=item7, price=49, enable=true) 
2015-12-04 23:43:45   [restartedMain] INFO  p.j.s.SpringSecurityBasicApplication - +++  loaded : Item(name=item8, price=16, enable=true) 
2015-12-04 23:43:45   [restartedMain] INFO  p.j.s.SpringSecurityBasicApplication - +++  loaded : Item(name=item9, price=54, enable=true) 
2015-12-04 23:43:45   [restartedMain] INFO  p.j.s.SpringSecurityBasicApplication - +++  loaded : Item(name=item10, price=30, enable=true) 
2015-12-04 23:43:45   [restartedMain] INFO  p.j.s.SpringSecurityBasicApplication - +++  loaded : Item(name=item11, price=33, enable=false) 
2015-12-04 23:43:45   [restartedMain] INFO  p.j.s.SpringSecurityBasicApplication - +++  loaded : Item(name=item12, price=0, enable=true) 
2015-12-04 23:43:45   [restartedMain] INFO  p.j.s.SpringSecurityBasicApplication - +++  loaded : Item(name=item13, price=52, enable=true) 
2015-12-04 23:43:45   [restartedMain] INFO  p.j.s.SpringSecurityBasicApplication - +++  loaded : Item(name=item14, price=70, enable=true) 
2015-12-04 23:43:45   [restartedMain] INFO  p.j.s.SpringSecurityBasicApplication - +++  loaded : Item(name=item15, price=75, enable=true) 
2015-12-04 23:43:45   [restartedMain] INFO  p.j.s.SpringSecurityBasicApplication - +++  loaded : Item(name=item16, price=144, enable=false) 
2015-12-04 23:43:45   [restartedMain] INFO  p.j.s.SpringSecurityBasicApplication - +++  loaded : Item(name=item17, price=0, enable=true) 
2015-12-04 23:43:45   [restartedMain] INFO  p.j.s.SpringSecurityBasicApplication - +++  loaded : Item(name=item18, price=18, enable=true) 
2015-12-04 23:43:45   [restartedMain] INFO  p.j.s.SpringSecurityBasicApplication - +++  loaded : Item(name=item19, price=133, enable=false) 
2015-12-04 23:43:45   [restartedMain] INFO  p.j.s.SpringSecurityBasicApplication - Started SpringSecurityBasicApplication in 1.633 seconds (JVM running for 673.727) 
2015-12-04 23:52:31   [restartedMain] INFO  p.j.s.SpringSecurityBasicApplication - Starting SpringSecurityBasicApplication on przodownik-r1 with PID 18254 (/home/przodownik/blog/securityBasicCamp/bin started by przodownik in /home/przodownik/blog/securityBasicCamp) 
2015-12-04 23:52:31   [restartedMain] INFO  p.j.s.SpringSecurityBasicApplication - No profiles are active 
2015-12-04 23:52:32   [restartedMain] INFO  p.j.s.SpringSecurityBasicApplication - +++  loaded : Item(name=item0, price=0, enable=true) 
2015-12-04 23:52:32   [restartedMain] INFO  p.j.s.SpringSecurityBasicApplication - +++  loaded : Item(name=item1, price=6, enable=false) 
2015-12-04 23:52:32   [restartedMain] INFO  p.j.s.SpringSecurityBasicApplication - +++  loaded : Item(name=item2, price=4, enable=false) 
2015-12-04 23:52:32   [restartedMain] INFO  p.j.s.SpringSecurityBasicApplication - +++  loaded : Item(name=item3, price=6, enable=false) 
2015-12-04 23:52:32   [restartedMain] INFO  p.j.s.SpringSecurityBasicApplication - +++  loaded : Item(name=item4, price=20, enable=true) 
2015-12-04 23:52:32   [restartedMain] INFO  p.j.s.SpringSecurityBasicApplication - +++  loaded : Item(name=item5, price=5, enable=false) 
2015-12-04 23:52:32   [restartedMain] INFO  p.j.s.SpringSecurityBasicApplication - +++  loaded : Item(name=item6, price=48, enable=false) 
2015-12-04 23:52:32   [restartedMain] INFO  p.j.s.SpringSecurityBasicApplication - +++  loaded : Item(name=item7, price=28, enable=false) 
2015-12-04 23:52:32   [restartedMain] INFO  p.j.s.SpringSecurityBasicApplication - +++  loaded : Item(name=item8, price=0, enable=false) 
2015-12-04 23:52:32   [restartedMain] INFO  p.j.s.SpringSecurityBasicApplication - +++  loaded : Item(name=item9, price=45, enable=true) 
2015-12-04 23:52:32   [restartedMain] INFO  p.j.s.SpringSecurityBasicApplication - +++  loaded : Item(name=item10, price=90, enable=false) 
2015-12-04 23:52:32   [restartedMain] INFO  p.j.s.SpringSecurityBasicApplication - +++  loaded : Item(name=item11, price=88, enable=false) 
2015-12-04 23:52:32   [restartedMain] INFO  p.j.s.SpringSecurityBasicApplication - +++  loaded : Item(name=item12, price=108, enable=true) 
2015-12-04 23:52:32   [restartedMain] INFO  p.j.s.SpringSecurityBasicApplication - +++  loaded : Item(name=item13, price=52, enable=true) 
2015-12-04 23:52:32   [restartedMain] INFO  p.j.s.SpringSecurityBasicApplication - +++  loaded : Item(name=item14, price=42, enable=false) 
2015-12-04 23:52:32   [restartedMain] INFO  p.j.s.SpringSecurityBasicApplication - +++  loaded : Item(name=item15, price=60, enable=true) 
2015-12-04 23:52:32   [restartedMain] INFO  p.j.s.SpringSecurityBasicApplication - +++  loaded : Item(name=item16, price=144, enable=false) 
2015-12-04 23:52:32   [restartedMain] INFO  p.j.s.SpringSecurityBasicApplication - +++  loaded : Item(name=item17, price=51, enable=true) 
2015-12-04 23:52:32   [restartedMain] INFO  p.j.s.SpringSecurityBasicApplication - +++  loaded : Item(name=item18, price=162, enable=true) 
2015-12-04 23:52:32   [restartedMain] INFO  p.j.s.SpringSecurityBasicApplication - +++  loaded : Item(name=item19, price=19, enable=false) 
2015-12-04 23:52:32   [restartedMain] INFO  p.j.s.SpringSecurityBasicApplication - Started SpringSecurityBasicApplication in 1.266 seconds (JVM running for 1200.404) 
2015-12-04 23:52:35   [restartedMain] INFO  p.j.s.SpringSecurityBasicApplication - Starting SpringSecurityBasicApplication on przodownik-r1 with PID 18254 (/home/przodownik/blog/securityBasicCamp/bin started by przodownik in /home/przodownik/blog/securityBasicCamp) 
2015-12-04 23:52:35   [restartedMain] INFO  p.j.s.SpringSecurityBasicApplication - No profiles are active 
2015-12-04 23:52:36   [restartedMain] INFO  p.j.s.SpringSecurityBasicApplication - +++  loaded : Item(name=item0, price=0, enable=false) 
2015-12-04 23:52:36   [restartedMain] INFO  p.j.s.SpringSecurityBasicApplication - +++  loaded : Item(name=item1, price=7, enable=false) 
2015-12-04 23:52:36   [restartedMain] INFO  p.j.s.SpringSecurityBasicApplication - +++  loaded : Item(name=item2, price=2, enable=true) 
2015-12-04 23:52:36   [restartedMain] INFO  p.j.s.SpringSecurityBasicApplication - +++  loaded : Item(name=item3, price=9, enable=true) 
2015-12-04 23:52:36   [restartedMain] INFO  p.j.s.SpringSecurityBasicApplication - +++  loaded : Item(name=item4, price=12, enable=true) 
2015-12-04 23:52:36   [restartedMain] INFO  p.j.s.SpringSecurityBasicApplication - +++  loaded : Item(name=item5, price=5, enable=false) 
2015-12-04 23:52:36   [restartedMain] INFO  p.j.s.SpringSecurityBasicApplication - +++  loaded : Item(name=item6, price=6, enable=false) 
2015-12-04 23:52:36   [restartedMain] INFO  p.j.s.SpringSecurityBasicApplication - +++  loaded : Item(name=item7, price=21, enable=true) 
2015-12-04 23:52:36   [restartedMain] INFO  p.j.s.SpringSecurityBasicApplication - +++  loaded : Item(name=item8, price=56, enable=true) 
2015-12-04 23:52:36   [restartedMain] INFO  p.j.s.SpringSecurityBasicApplication - +++  loaded : Item(name=item9, price=27, enable=true) 
2015-12-04 23:52:36   [restartedMain] INFO  p.j.s.SpringSecurityBasicApplication - +++  loaded : Item(name=item10, price=60, enable=false) 
2015-12-04 23:52:36   [restartedMain] INFO  p.j.s.SpringSecurityBasicApplication - +++  loaded : Item(name=item11, price=99, enable=false) 
2015-12-04 23:52:36   [restartedMain] INFO  p.j.s.SpringSecurityBasicApplication - +++  loaded : Item(name=item12, price=36, enable=true) 
2015-12-04 23:52:36   [restartedMain] INFO  p.j.s.SpringSecurityBasicApplication - +++  loaded : Item(name=item13, price=52, enable=false) 
2015-12-04 23:52:36   [restartedMain] INFO  p.j.s.SpringSecurityBasicApplication - +++  loaded : Item(name=item14, price=98, enable=true) 
2015-12-04 23:52:36   [restartedMain] INFO  p.j.s.SpringSecurityBasicApplication - +++  loaded : Item(name=item15, price=30, enable=false) 
2015-12-04 23:52:36   [restartedMain] INFO  p.j.s.SpringSecurityBasicApplication - +++  loaded : Item(name=item16, price=112, enable=true) 
2015-12-04 23:52:36   [restartedMain] INFO  p.j.s.SpringSecurityBasicApplication - +++  loaded : Item(name=item17, price=0, enable=false) 
2015-12-04 23:52:36   [restartedMain] INFO  p.j.s.SpringSecurityBasicApplication - +++  loaded : Item(name=item18, price=162, enable=true) 
2015-12-04 23:52:36   [restartedMain] INFO  p.j.s.SpringSecurityBasicApplication - +++  loaded : Item(name=item19, price=171, enable=false) 
2015-12-04 23:52:36   [restartedMain] INFO  p.j.s.SpringSecurityBasicApplication - Started SpringSecurityBasicApplication in 1.205 seconds (JVM running for 1205.014) 
2015-12-04 23:53:29   [restartedMain] INFO  p.j.s.SpringSecurityBasicApplication - Starting SpringSecurityBasicApplication on przodownik-r1 with PID 18254 (/home/przodownik/blog/securityBasicCamp/bin started by przodownik in /home/przodownik/blog/securityBasicCamp) 
2015-12-04 23:53:29   [restartedMain] INFO  p.j.s.SpringSecurityBasicApplication - No profiles are active 
2015-12-04 23:53:31   [restartedMain] INFO  p.j.s.SpringSecurityBasicApplication - +++  loaded : Item(name=item0, price=0, enable=false) 
2015-12-04 23:53:31   [restartedMain] INFO  p.j.s.SpringSecurityBasicApplication - +++  loaded : Item(name=item1, price=6, enable=true) 
2015-12-04 23:53:31   [restartedMain] INFO  p.j.s.SpringSecurityBasicApplication - +++  loaded : Item(name=item2, price=16, enable=false) 
2015-12-04 23:53:31   [restartedMain] INFO  p.j.s.SpringSecurityBasicApplication - +++  loaded : Item(name=item3, price=18, enable=false) 
2015-12-04 23:53:31   [restartedMain] INFO  p.j.s.SpringSecurityBasicApplication - +++  loaded : Item(name=item4, price=0, enable=false) 
2015-12-04 23:53:31   [restartedMain] INFO  p.j.s.SpringSecurityBasicApplication - +++  loaded : Item(name=item5, price=30, enable=false) 
2015-12-04 23:53:31   [restartedMain] INFO  p.j.s.SpringSecurityBasicApplication - +++  loaded : Item(name=item6, price=12, enable=true) 
2015-12-04 23:53:31   [restartedMain] INFO  p.j.s.SpringSecurityBasicApplication - +++  loaded : Item(name=item7, price=49, enable=true) 
2015-12-04 23:53:31   [restartedMain] INFO  p.j.s.SpringSecurityBasicApplication - +++  loaded : Item(name=item8, price=56, enable=true) 
2015-12-04 23:53:31   [restartedMain] INFO  p.j.s.SpringSecurityBasicApplication - +++  loaded : Item(name=item9, price=63, enable=true) 
2015-12-04 23:53:31   [restartedMain] INFO  p.j.s.SpringSecurityBasicApplication - +++  loaded : Item(name=item10, price=50, enable=false) 
2015-12-04 23:53:31   [restartedMain] INFO  p.j.s.SpringSecurityBasicApplication - +++  loaded : Item(name=item11, price=88, enable=true) 
2015-12-04 23:53:31   [restartedMain] INFO  p.j.s.SpringSecurityBasicApplication - +++  loaded : Item(name=item12, price=72, enable=true) 
2015-12-04 23:53:31   [restartedMain] INFO  p.j.s.SpringSecurityBasicApplication - +++  loaded : Item(name=item13, price=104, enable=true) 
2015-12-04 23:53:31   [restartedMain] INFO  p.j.s.SpringSecurityBasicApplication - +++  loaded : Item(name=item14, price=126, enable=false) 
2015-12-04 23:53:31   [restartedMain] INFO  p.j.s.SpringSecurityBasicApplication - +++  loaded : Item(name=item15, price=0, enable=true) 
2015-12-04 23:53:31   [restartedMain] INFO  p.j.s.SpringSecurityBasicApplication - +++  loaded : Item(name=item16, price=112, enable=false) 
2015-12-04 23:53:31   [restartedMain] INFO  p.j.s.SpringSecurityBasicApplication - +++  loaded : Item(name=item17, price=119, enable=false) 
2015-12-04 23:53:31   [restartedMain] INFO  p.j.s.SpringSecurityBasicApplication - +++  loaded : Item(name=item18, price=144, enable=true) 
2015-12-04 23:53:31   [restartedMain] INFO  p.j.s.SpringSecurityBasicApplication - +++  loaded : Item(name=item19, price=114, enable=true) 
2015-12-04 23:53:31   [restartedMain] INFO  p.j.s.SpringSecurityBasicApplication - Started SpringSecurityBasicApplication in 1.158 seconds (JVM running for 1259.225) 
2015-12-04 23:54:37   [restartedMain] INFO  p.j.s.SpringSecurityBasicApplication - Starting SpringSecurityBasicApplication on przodownik-r1 with PID 18254 (/home/przodownik/blog/securityBasicCamp/bin started by przodownik in /home/przodownik/blog/securityBasicCamp) 
2015-12-04 23:54:37   [restartedMain] INFO  p.j.s.SpringSecurityBasicApplication - No profiles are active 
2015-12-04 23:54:38   [restartedMain] INFO  p.j.s.SpringSecurityBasicApplication - +++  loaded : Item(name=item0, price=0, enable=false) 
2015-12-04 23:54:38   [restartedMain] INFO  p.j.s.SpringSecurityBasicApplication - +++  loaded : Item(name=item1, price=7, enable=false) 
2015-12-04 23:54:38   [restartedMain] INFO  p.j.s.SpringSecurityBasicApplication - +++  loaded : Item(name=item2, price=2, enable=true) 
2015-12-04 23:54:38   [restartedMain] INFO  p.j.s.SpringSecurityBasicApplication - +++  loaded : Item(name=item3, price=3, enable=false) 
2015-12-04 23:54:38   [restartedMain] INFO  p.j.s.SpringSecurityBasicApplication - +++  loaded : Item(name=item4, price=28, enable=true) 
2015-12-04 23:54:38   [restartedMain] INFO  p.j.s.SpringSecurityBasicApplication - +++  loaded : Item(name=item5, price=0, enable=true) 
2015-12-04 23:54:38   [restartedMain] INFO  p.j.s.SpringSecurityBasicApplication - +++  loaded : Item(name=item6, price=6, enable=true) 
2015-12-04 23:54:38   [restartedMain] INFO  p.j.s.SpringSecurityBasicApplication - +++  loaded : Item(name=item7, price=0, enable=false) 
2015-12-04 23:54:38   [restartedMain] INFO  p.j.s.SpringSecurityBasicApplication - +++  loaded : Item(name=item8, price=48, enable=true) 
2015-12-04 23:54:38   [restartedMain] INFO  p.j.s.SpringSecurityBasicApplication - +++  loaded : Item(name=item9, price=63, enable=true) 
2015-12-04 23:54:38   [restartedMain] INFO  p.j.s.SpringSecurityBasicApplication - +++  loaded : Item(name=item10, price=30, enable=true) 
2015-12-04 23:54:38   [restartedMain] INFO  p.j.s.SpringSecurityBasicApplication - +++  loaded : Item(name=item11, price=22, enable=false) 
2015-12-04 23:54:38   [restartedMain] INFO  p.j.s.SpringSecurityBasicApplication - +++  loaded : Item(name=item12, price=36, enable=true) 
2015-12-04 23:54:38   [restartedMain] INFO  p.j.s.SpringSecurityBasicApplication - +++  loaded : Item(name=item13, price=26, enable=true) 
2015-12-04 23:54:38   [restartedMain] INFO  p.j.s.SpringSecurityBasicApplication - +++  loaded : Item(name=item14, price=14, enable=false) 
2015-12-04 23:54:38   [restartedMain] INFO  p.j.s.SpringSecurityBasicApplication - +++  loaded : Item(name=item15, price=0, enable=true) 
2015-12-04 23:54:38   [restartedMain] INFO  p.j.s.SpringSecurityBasicApplication - +++  loaded : Item(name=item16, price=48, enable=false) 
2015-12-04 23:54:38   [restartedMain] INFO  p.j.s.SpringSecurityBasicApplication - +++  loaded : Item(name=item17, price=51, enable=true) 
2015-12-04 23:54:38   [restartedMain] INFO  p.j.s.SpringSecurityBasicApplication - +++  loaded : Item(name=item18, price=54, enable=false) 
2015-12-04 23:54:38   [restartedMain] INFO  p.j.s.SpringSecurityBasicApplication - +++  loaded : Item(name=item19, price=171, enable=false) 
2015-12-04 23:54:38   [restartedMain] INFO  p.j.s.SpringSecurityBasicApplication - Started SpringSecurityBasicApplication in 1.158 seconds (JVM running for 1326.451) 
2015-12-05 00:16:55   [restartedMain] INFO  p.j.s.SpringSecurityBasicApplication - Starting SpringSecurityBasicApplication on przodownik-r1 with PID 18254 (/home/przodownik/blog/securityBasicCamp/bin started by przodownik in /home/przodownik/blog/securityBasicCamp) 
2015-12-05 00:16:55   [restartedMain] INFO  p.j.s.SpringSecurityBasicApplication - No profiles are active 
2015-12-05 00:16:56   [restartedMain] INFO  p.j.s.SpringSecurityBasicApplication - +++  loaded : Item(name=item0, price=0, enable=true) 
2015-12-05 00:16:56   [restartedMain] INFO  p.j.s.SpringSecurityBasicApplication - +++  loaded : Item(name=item1, price=4, enable=true) 
2015-12-05 00:16:56   [restartedMain] INFO  p.j.s.SpringSecurityBasicApplication - +++  loaded : Item(name=item2, price=16, enable=false) 
2015-12-05 00:16:56   [restartedMain] INFO  p.j.s.SpringSecurityBasicApplication - +++  loaded : Item(name=item3, price=0, enable=true) 
2015-12-05 00:16:56   [restartedMain] INFO  p.j.s.SpringSecurityBasicApplication - +++  loaded : Item(name=item4, price=8, enable=true) 
2015-12-05 00:16:56   [restartedMain] INFO  p.j.s.SpringSecurityBasicApplication - +++  loaded : Item(name=item5, price=40, enable=false) 
2015-12-05 00:16:56   [restartedMain] INFO  p.j.s.SpringSecurityBasicApplication - +++  loaded : Item(name=item6, price=30, enable=true) 
2015-12-05 00:16:56   [restartedMain] INFO  p.j.s.SpringSecurityBasicApplication - +++  loaded : Item(name=item7, price=0, enable=true) 
2015-12-05 00:16:56   [restartedMain] INFO  p.j.s.SpringSecurityBasicApplication - +++  loaded : Item(name=item8, price=0, enable=false) 
2015-12-05 00:16:56   [restartedMain] INFO  p.j.s.SpringSecurityBasicApplication - +++  loaded : Item(name=item9, price=81, enable=true) 
2015-12-05 00:16:56   [restartedMain] INFO  p.j.s.SpringSecurityBasicApplication - +++  loaded : Item(name=item10, price=30, enable=false) 
2015-12-05 00:16:56   [restartedMain] INFO  p.j.s.SpringSecurityBasicApplication - +++  loaded : Item(name=item11, price=22, enable=true) 
2015-12-05 00:16:56   [restartedMain] INFO  p.j.s.SpringSecurityBasicApplication - +++  loaded : Item(name=item12, price=72, enable=true) 
2015-12-05 00:16:56   [restartedMain] INFO  p.j.s.SpringSecurityBasicApplication - +++  loaded : Item(name=item13, price=26, enable=false) 
2015-12-05 00:16:56   [restartedMain] INFO  p.j.s.SpringSecurityBasicApplication - +++  loaded : Item(name=item14, price=56, enable=false) 
2015-12-05 00:16:56   [restartedMain] INFO  p.j.s.SpringSecurityBasicApplication - +++  loaded : Item(name=item15, price=105, enable=true) 
2015-12-05 00:16:56   [restartedMain] INFO  p.j.s.SpringSecurityBasicApplication - +++  loaded : Item(name=item16, price=96, enable=true) 
2015-12-05 00:16:56   [restartedMain] INFO  p.j.s.SpringSecurityBasicApplication - +++  loaded : Item(name=item17, price=68, enable=false) 
2015-12-05 00:16:56   [restartedMain] INFO  p.j.s.SpringSecurityBasicApplication - +++  loaded : Item(name=item18, price=36, enable=true) 
2015-12-05 00:16:56   [restartedMain] INFO  p.j.s.SpringSecurityBasicApplication - +++  loaded : Item(name=item19, price=171, enable=false) 
2015-12-05 00:16:56   [restartedMain] INFO  p.j.s.SpringSecurityBasicApplication - Started SpringSecurityBasicApplication in 1.255 seconds (JVM running for 2664.741) 
2015-12-05 00:30:43   [restartedMain] INFO  p.j.s.SpringSecurityBasicApplication - Starting SpringSecurityBasicApplication on przodownik-r1 with PID 18254 (/home/przodownik/blog/securityBasicCamp/bin started by przodownik in /home/przodownik/blog/securityBasicCamp) 
2015-12-05 00:30:43   [restartedMain] INFO  p.j.s.SpringSecurityBasicApplication - No profiles are active 
2015-12-05 00:31:00   [restartedMain] INFO  p.j.s.SpringSecurityBasicApplication - Starting SpringSecurityBasicApplication on przodownik-r1 with PID 18254 (/home/przodownik/blog/securityBasicCamp/bin started by przodownik in /home/przodownik/blog/securityBasicCamp) 
2015-12-05 00:31:00   [restartedMain] INFO  p.j.s.SpringSecurityBasicApplication - No profiles are active 
2015-12-05 00:31:01   [restartedMain] INFO  p.j.s.SpringSecurityBasicApplication - +++  loaded : Item(name=item0, price=0, enable=true) 
2015-12-05 00:31:01   [restartedMain] INFO  p.j.s.SpringSecurityBasicApplication - +++  loaded : Item(name=item1, price=4, enable=false) 
2015-12-05 00:31:01   [restartedMain] INFO  p.j.s.SpringSecurityBasicApplication - +++  loaded : Item(name=item2, price=12, enable=false) 
2015-12-05 00:31:01   [restartedMain] INFO  p.j.s.SpringSecurityBasicApplication - +++  loaded : Item(name=item3, price=24, enable=true) 
2015-12-05 00:31:01   [restartedMain] INFO  p.j.s.SpringSecurityBasicApplication - +++  loaded : Item(name=item4, price=28, enable=true) 
2015-12-05 00:31:01   [restartedMain] INFO  p.j.s.SpringSecurityBasicApplication - +++  loaded : Item(name=item5, price=45, enable=true) 
2015-12-05 00:31:01   [restartedMain] INFO  p.j.s.SpringSecurityBasicApplication - +++  loaded : Item(name=item6, price=36, enable=true) 
2015-12-05 00:31:01   [restartedMain] INFO  p.j.s.SpringSecurityBasicApplication - +++  loaded : Item(name=item7, price=0, enable=false) 
2015-12-05 00:31:01   [restartedMain] INFO  p.j.s.SpringSecurityBasicApplication - +++  loaded : Item(name=item8, price=24, enable=false) 
2015-12-05 00:31:01   [restartedMain] INFO  p.j.s.SpringSecurityBasicApplication - +++  loaded : Item(name=item9, price=0, enable=true) 
2015-12-05 00:31:01   [restartedMain] INFO  p.j.s.SpringSecurityBasicApplication - +++  loaded : Item(name=item10, price=70, enable=false) 
2015-12-05 00:31:01   [restartedMain] INFO  p.j.s.SpringSecurityBasicApplication - +++  loaded : Item(name=item11, price=33, enable=true) 
2015-12-05 00:31:01   [restartedMain] INFO  p.j.s.SpringSecurityBasicApplication - +++  loaded : Item(name=item12, price=60, enable=true) 
2015-12-05 00:31:01   [restartedMain] INFO  p.j.s.SpringSecurityBasicApplication - +++  loaded : Item(name=item13, price=26, enable=false) 
2015-12-05 00:31:01   [restartedMain] INFO  p.j.s.SpringSecurityBasicApplication - +++  loaded : Item(name=item14, price=28, enable=false) 
2015-12-05 00:31:01   [restartedMain] INFO  p.j.s.SpringSecurityBasicApplication - +++  loaded : Item(name=item15, price=90, enable=false) 
2015-12-05 00:31:01   [restartedMain] INFO  p.j.s.SpringSecurityBasicApplication - +++  loaded : Item(name=item16, price=96, enable=false) 
2015-12-05 00:31:01   [restartedMain] INFO  p.j.s.SpringSecurityBasicApplication - +++  loaded : Item(name=item17, price=51, enable=false) 
2015-12-05 00:31:01   [restartedMain] INFO  p.j.s.SpringSecurityBasicApplication - +++  loaded : Item(name=item18, price=0, enable=true) 
2015-12-05 00:31:01   [restartedMain] INFO  p.j.s.SpringSecurityBasicApplication - +++  loaded : Item(name=item19, price=57, enable=true) 
2015-12-05 00:31:01   [restartedMain] INFO  p.j.s.SpringSecurityBasicApplication - Started SpringSecurityBasicApplication in 1.363 seconds (JVM running for 3509.613) 
2015-12-05 00:32:37   [restartedMain] INFO  p.j.s.SpringSecurityBasicApplication - Starting SpringSecurityBasicApplication on przodownik-r1 with PID 18254 (/home/przodownik/blog/securityBasicCamp/bin started by przodownik in /home/przodownik/blog/securityBasicCamp) 
2015-12-05 00:32:37   [restartedMain] INFO  p.j.s.SpringSecurityBasicApplication - No profiles are active 
2015-12-05 00:32:38   [restartedMain] INFO  p.j.s.SpringSecurityBasicApplication - +++  loaded : Item(name=item0, price=0, enable=true) 
2015-12-05 00:32:38   [restartedMain] INFO  p.j.s.SpringSecurityBasicApplication - +++  loaded : Item(name=item1, price=9, enable=true) 
2015-12-05 00:32:38   [restartedMain] INFO  p.j.s.SpringSecurityBasicApplication - +++  loaded : Item(name=item2, price=4, enable=false) 
2015-12-05 00:32:38   [restartedMain] INFO  p.j.s.SpringSecurityBasicApplication - +++  loaded : Item(name=item3, price=15, enable=false) 
2015-12-05 00:32:38   [restartedMain] INFO  p.j.s.SpringSecurityBasicApplication - +++  loaded : Item(name=item4, price=0, enable=false) 
2015-12-05 00:32:38   [restartedMain] INFO  p.j.s.SpringSecurityBasicApplication - +++  loaded : Item(name=item5, price=20, enable=false) 
2015-12-05 00:32:38   [restartedMain] INFO  p.j.s.SpringSecurityBasicApplication - +++  loaded : Item(name=item6, price=48, enable=true) 
2015-12-05 00:32:38   [restartedMain] INFO  p.j.s.SpringSecurityBasicApplication - +++  loaded : Item(name=item7, price=14, enable=false) 
2015-12-05 00:32:38   [restartedMain] INFO  p.j.s.SpringSecurityBasicApplication - +++  loaded : Item(name=item8, price=24, enable=false) 
2015-12-05 00:32:38   [restartedMain] INFO  p.j.s.SpringSecurityBasicApplication - +++  loaded : Item(name=item9, price=9, enable=false) 
2015-12-05 00:32:38   [restartedMain] INFO  p.j.s.SpringSecurityBasicApplication - +++  loaded : Item(name=item10, price=70, enable=false) 
2015-12-05 00:32:38   [restartedMain] INFO  p.j.s.SpringSecurityBasicApplication - +++  loaded : Item(name=item11, price=88, enable=true) 
2015-12-05 00:32:38   [restartedMain] INFO  p.j.s.SpringSecurityBasicApplication - +++  loaded : Item(name=item12, price=36, enable=false) 
2015-12-05 00:32:38   [restartedMain] INFO  p.j.s.SpringSecurityBasicApplication - +++  loaded : Item(name=item13, price=78, enable=true) 
2015-12-05 00:32:38   [restartedMain] INFO  p.j.s.SpringSecurityBasicApplication - +++  loaded : Item(name=item14, price=84, enable=false) 
2015-12-05 00:32:38   [restartedMain] INFO  p.j.s.SpringSecurityBasicApplication - +++  loaded : Item(name=item15, price=30, enable=true) 
2015-12-05 00:32:38   [restartedMain] INFO  p.j.s.SpringSecurityBasicApplication - +++  loaded : Item(name=item16, price=144, enable=false) 
2015-12-05 00:32:38   [restartedMain] INFO  p.j.s.SpringSecurityBasicApplication - +++  loaded : Item(name=item17, price=136, enable=false) 
2015-12-05 00:32:38   [restartedMain] INFO  p.j.s.SpringSecurityBasicApplication - +++  loaded : Item(name=item18, price=126, enable=true) 
2015-12-05 00:32:38   [restartedMain] INFO  p.j.s.SpringSecurityBasicApplication - +++  loaded : Item(name=item19, price=133, enable=true) 
2015-12-05 00:32:38   [restartedMain] INFO  p.j.s.SpringSecurityBasicApplication - Started SpringSecurityBasicApplication in 1.472 seconds (JVM running for 3607.063) 
